[debug] [2022-04-25T22:06:27.939Z] ----------------------------------------------------------------------
[debug] [2022-04-25T22:06:27.940Z] Command:       C:\Program Files\nodejs\node.exe C:\Users\samue\AppData\Roaming\npm\node_modules\firebase-tools\lib\bin\firebase.js init hosting
[debug] [2022-04-25T22:06:27.940Z] CLI Version:   10.7.1
[debug] [2022-04-25T22:06:27.940Z] Platform:      win32
[debug] [2022-04-25T22:06:27.940Z] Node Version:  v16.14.0
[debug] [2022-04-25T22:06:27.941Z] Time:          Mon Apr 25 2022 18:06:27 GMT-0400 (Eastern Daylight Time)
[debug] [2022-04-25T22:06:27.941Z] ----------------------------------------------------------------------
[debug] 
[debug] [2022-04-25T22:06:27.947Z] > command requires scopes: ["email","openid","https://www.googleapis.com/auth/cloudplatformprojects.readonly","https://www.googleapis.com/auth/firebase","https://www.googleapis.com/auth/cloud-platform"]
[debug] [2022-04-25T22:06:27.947Z] > authorizing via signed-in user (samuel.li.shi@gmail.com)
[info] 
     ######## #### ########  ######## ########     ###     ######  ########
     ##        ##  ##     ## ##       ##     ##  ##   ##  ##       ##
     ######    ##  ########  ######   ########  #########  ######  ######
     ##        ##  ##    ##  ##       ##     ## ##     ##       ## ##
     ##       #### ##     ## ######## ########  ##     ##  ######  ########

You're about to initialize a Firebase project in this directory:

  C:\Users\samue\OneDrive\Documents\Coding\angular\mock shop

[info] 
=== Project Setup
[info] 
[info] First, let's associate this project directory with a Firebase project.
[info] You can create multiple project aliases by running firebase use --add, 
[info] but for now we'll just set up a default project.
[info] 
[info] 
=== Hosting Setup
[info] 
[info] Your public directory is the folder (relative to your project directory) that
[info] will contain Hosting assets to be uploaded with firebase deploy. If you
[info] have a build process for your assets, use your build's output directory.
[info] 
